2022:02:06 19:20:02.026 INFO  --- [main] com.hy.demo.DemoApplication : Starting DemoApplication using Java 1.8.0_261 on DESKTOP-GAAHID5 with PID 33592 (D:\lgcns2021-1\springsecurity\build\classes\java\main started by ddh96 in D:\lgcns2021-1\springsecurity) 
2022:02:06 19:20:02.027 INFO  --- [main] com.hy.demo.DemoApplication : No active profile set, falling back to default profiles: default 
2022:02:06 19:20:02.403 INFO  --- [main] o.s.d.r.c.RepositoryConfigurationDelegate : Bootstrapping Spring Data JPA repositories in DEFAULT mode. 
2022:02:06 19:20:02.413 INFO  --- [main] o.s.d.r.c.RepositoryConfigurationDelegate : Finished Spring Data repository scanning in 4 ms. Found 0 JPA repository interfaces. 
2022:02:06 19:20:02.688 INFO  --- [main] o.s.b.w.e.tomcat.TomcatWebServer : Tomcat initialized with port(s): 8080 (http) 
2022:02:06 19:20:02.692 INFO  --- [main] o.a.coyote.http11.Http11NioProtocol : Initializing ProtocolHandler ["http-nio-8080"] 
2022:02:06 19:20:02.692 INFO  --- [main] o.a.catalina.core.StandardService : Starting service [Tomcat] 
2022:02:06 19:20:02.692 INFO  --- [main] o.a.catalina.core.StandardEngine : Starting Servlet engine: [Apache Tomcat/9.0.56] 
2022:02:06 19:20:02.766 INFO  --- [main] o.a.c.c.C.[Tomcat].[localhost].[/] : Initializing Spring embedded WebApplicationContext 
2022:02:06 19:20:02.766 INFO  --- [main] o.s.b.w.s.c.ServletWebServerApplicationContext : Root WebApplicationContext: initialization completed in 716 ms 
2022:02:06 19:20:02.847 INFO  --- [main] o.h.jpa.internal.util.LogHelper : HHH000204: Processing PersistenceUnitInfo [name: default] 
2022:02:06 19:20:02.872 INFO  --- [main] org.hibernate.Version : HHH000412: Hibernate ORM core version 5.6.4.Final 
2022:02:06 19:20:02.961 INFO  --- [main] o.h.annotations.common.Version : HCANN000001: Hibernate Commons Annotations {5.1.2.Final} 
2022:02:06 19:20:03.009 INFO  --- [main] com.zaxxer.hikari.HikariDataSource : HikariPool-1 - Starting... 
2022:02:06 19:20:03.610 INFO  --- [main] com.zaxxer.hikari.HikariDataSource : HikariPool-1 - Start completed. 
2022:02:06 19:20:03.620 INFO  --- [main] org.hibernate.dialect.Dialect : HHH000400: Using dialect: org.hibernate.dialect.MySQL8Dialect 
2022:02:06 19:20:03.917 INFO  --- [main] o.h.e.t.j.p.i.JtaPlatformInitiator : HHH000490: Using JtaPlatform implementation: [org.hibernate.engine.transaction.jta.platform.internal.NoJtaPlatform] 
2022:02:06 19:20:03.922 INFO  --- [main] o.s.o.j.LocalContainerEntityManagerFactoryBean : Initialized JPA EntityManagerFactory for persistence unit 'default' 
2022:02:06 19:20:03.942 WARN  --- [main] o.s.b.a.o.j.JpaBaseConfiguration$JpaWebConfiguration : spring.jpa.open-in-view is enabled by default. Therefore, database queries may be performed during view rendering. Explicitly configure spring.jpa.open-in-view to disable this warning 
2022:02:06 19:20:03.973 INFO  --- [main] o.s.b.a.s.s.UserDetailsServiceAutoConfiguration : 

Using generated security password: 28ef4e1e-0c34-44a9-aa2c-e1c3099f1dce
 
2022:02:06 19:20:04.015 INFO  --- [main] o.s.s.w.DefaultSecurityFilterChain : Will secure any request with [org.springframework.security.web.context.request.async.WebAsyncManagerIntegrationFilter@38811103, org.springframework.security.web.context.SecurityContextPersistenceFilter@9785903, org.springframework.security.web.header.HeaderWriterFilter@6ce26986, org.springframework.security.web.authentication.logout.LogoutFilter@11eec06b, org.springframework.security.web.authentication.UsernamePasswordAuthenticationFilter@49754e74, org.springframework.security.web.savedrequest.RequestCacheAwareFilter@3f68a7f8, org.springframework.security.web.servletapi.SecurityContextHolderAwareRequestFilter@11e71181, org.springframework.security.web.authentication.AnonymousAuthenticationFilter@787d1f9c, org.springframework.security.web.session.SessionManagementFilter@6d6cd1e0, org.springframework.security.web.access.ExceptionTranslationFilter@4b3a01d8, org.springframework.security.web.access.intercept.FilterSecurityInterceptor@4b93dd6a] 
2022:02:06 19:20:04.190 INFO  --- [main] o.a.coyote.http11.Http11NioProtocol : Starting ProtocolHandler ["http-nio-8080"] 
2022:02:06 19:20:04.198 INFO  --- [main] o.s.b.w.e.tomcat.TomcatWebServer : Tomcat started on port(s): 8080 (http) with context path '' 
2022:02:06 19:20:04.204 INFO  --- [main] com.hy.demo.DemoApplication : Started DemoApplication in 2.401 seconds (JVM running for 3.45) 
2022:02:06 19:21:50.002 INFO  --- [http-nio-8080-exec-1] o.a.c.c.C.[Tomcat].[localhost].[/] : Initializing Spring DispatcherServlet 'dispatcherServlet' 
2022:02:06 19:21:50.002 INFO  --- [http-nio-8080-exec-1] o.s.web.servlet.DispatcherServlet : Initializing Servlet 'dispatcherServlet' 
2022:02:06 19:21:50.003 INFO  --- [http-nio-8080-exec-1] o.s.web.servlet.DispatcherServlet : Completed initialization in 0 ms 
2022:02:06 19:22:18.343 INFO  --- [main] com.hy.demo.DemoApplication : Starting DemoApplication using Java 1.8.0_261 on DESKTOP-GAAHID5 with PID 33868 (D:\lgcns2021-1\springsecurity\build\classes\java\main started by ddh96 in D:\lgcns2021-1\springsecurity) 
2022:02:06 19:22:18.345 INFO  --- [main] com.hy.demo.DemoApplication : No active profile set, falling back to default profiles: default 
2022:02:06 19:22:18.694 INFO  --- [main] o.s.d.r.c.RepositoryConfigurationDelegate : Bootstrapping Spring Data JPA repositories in DEFAULT mode. 
2022:02:06 19:22:18.703 INFO  --- [main] o.s.d.r.c.RepositoryConfigurationDelegate : Finished Spring Data repository scanning in 4 ms. Found 0 JPA repository interfaces. 
2022:02:06 19:22:18.971 INFO  --- [main] o.s.b.w.e.tomcat.TomcatWebServer : Tomcat initialized with port(s): 8080 (http) 
2022:02:06 19:22:18.975 INFO  --- [main] o.a.coyote.http11.Http11NioProtocol : Initializing ProtocolHandler ["http-nio-8080"] 
2022:02:06 19:22:18.976 INFO  --- [main] o.a.catalina.core.StandardService : Starting service [Tomcat] 
2022:02:06 19:22:18.976 INFO  --- [main] o.a.catalina.core.StandardEngine : Starting Servlet engine: [Apache Tomcat/9.0.56] 
2022:02:06 19:22:19.053 INFO  --- [main] o.a.c.c.C.[Tomcat].[localhost].[/] : Initializing Spring embedded WebApplicationContext 
2022:02:06 19:22:19.053 INFO  --- [main] o.s.b.w.s.c.ServletWebServerApplicationContext : Root WebApplicationContext: initialization completed in 685 ms 
2022:02:06 19:22:19.139 INFO  --- [main] o.h.jpa.internal.util.LogHelper : HHH000204: Processing PersistenceUnitInfo [name: default] 
2022:02:06 19:22:19.167 INFO  --- [main] org.hibernate.Version : HHH000412: Hibernate ORM core version 5.6.4.Final 
2022:02:06 19:22:19.284 INFO  --- [main] o.h.annotations.common.Version : HCANN000001: Hibernate Commons Annotations {5.1.2.Final} 
2022:02:06 19:22:19.332 INFO  --- [main] com.zaxxer.hikari.HikariDataSource : HikariPool-1 - Starting... 
2022:02:06 19:22:19.943 INFO  --- [main] com.zaxxer.hikari.HikariDataSource : HikariPool-1 - Start completed. 
2022:02:06 19:22:19.954 INFO  --- [main] org.hibernate.dialect.Dialect : HHH000400: Using dialect: org.hibernate.dialect.MySQL8Dialect 
2022:02:06 19:22:20.250 INFO  --- [main] o.h.e.t.j.p.i.JtaPlatformInitiator : HHH000490: Using JtaPlatform implementation: [org.hibernate.engine.transaction.jta.platform.internal.NoJtaPlatform] 
2022:02:06 19:22:20.255 INFO  --- [main] o.s.o.j.LocalContainerEntityManagerFactoryBean : Initialized JPA EntityManagerFactory for persistence unit 'default' 
2022:02:06 19:22:20.275 WARN  --- [main] o.s.b.a.o.j.JpaBaseConfiguration$JpaWebConfiguration : spring.jpa.open-in-view is enabled by default. Therefore, database queries may be performed during view rendering. Explicitly configure spring.jpa.open-in-view to disable this warning 
2022:02:06 19:22:20.307 INFO  --- [main] o.s.b.a.s.s.UserDetailsServiceAutoConfiguration : 

Using generated security password: ff61e29f-3099-4797-aaee-0f14baf776c9
 
2022:02:06 19:22:20.350 INFO  --- [main] o.s.s.w.DefaultSecurityFilterChain : Will secure any request with [org.springframework.security.web.context.request.async.WebAsyncManagerIntegrationFilter@cf01c2e, org.springframework.security.web.context.SecurityContextPersistenceFilter@6ce26986, org.springframework.security.web.header.HeaderWriterFilter@4b3a01d8, org.springframework.security.web.authentication.logout.LogoutFilter@4e958f08, org.springframework.security.web.authentication.UsernamePasswordAuthenticationFilter@73bb573d, org.springframework.security.web.savedrequest.RequestCacheAwareFilter@6d6cd1e0, org.springframework.security.web.servletapi.SecurityContextHolderAwareRequestFilter@4f811029, org.springframework.security.web.authentication.AnonymousAuthenticationFilter@6f15f52a, org.springframework.security.web.session.SessionManagementFilter@2f4d32bf, org.springframework.security.web.access.ExceptionTranslationFilter@4eb9ae4d, org.springframework.security.web.access.intercept.FilterSecurityInterceptor@35f7969d] 
2022:02:06 19:22:20.526 INFO  --- [main] o.a.coyote.http11.Http11NioProtocol : Starting ProtocolHandler ["http-nio-8080"] 
2022:02:06 19:22:20.535 INFO  --- [main] o.s.b.w.e.tomcat.TomcatWebServer : Tomcat started on port(s): 8080 (http) with context path '' 
2022:02:06 19:22:20.541 INFO  --- [main] com.hy.demo.DemoApplication : Started DemoApplication in 2.407 seconds (JVM running for 3.368) 
2022:02:06 19:23:17.684 INFO  --- [http-nio-8080-exec-1] o.a.c.c.C.[Tomcat].[localhost].[/] : Initializing Spring DispatcherServlet 'dispatcherServlet' 
2022:02:06 19:23:17.684 INFO  --- [http-nio-8080-exec-1] o.s.web.servlet.DispatcherServlet : Initializing Servlet 'dispatcherServlet' 
2022:02:06 19:23:17.685 INFO  --- [http-nio-8080-exec-1] o.s.web.servlet.DispatcherServlet : Completed initialization in 0 ms 
2022:02:06 19:23:22.451 INFO  --- [http-nio-8080-exec-2] c.h.demo.controller.IndexController : User(id=0, username=sds, password=sd, email=ddh963963@naver.com, role=null, createDate=null) 
